This is pdfTeX, Version 3.141592653-2.6-1.40.24 (MiKTeX 21.12) (preloaded format=pdflatex 2022.1.12)  9 NOV 2023 11:20
entering extended mode
 restricted \write18 enabled.
 %&-line parsing enabled.
**./Report_Midsem.tex
(Report_Midsem.tex
LaTeX2e <2021-11-15> patch level 1
L3 programming layer <2021-11-22>
(C:\Users\Mohit\AppData\Local\Programs\MiKTeX\tex/latex/base\article.cls
Document Class: article 2021/10/04 v1.4n Standard LaTeX document class
(C:\Users\Mohit\AppData\Local\Programs\MiKTeX\tex/latex/base\size10.clo
File: size10.clo 2021/10/04 v1.4n Standard LaTeX file (size option)
)
\c@part=\count183
\c@section=\count184
\c@subsection=\count185
\c@subsubsection=\count186
\c@paragraph=\count187
\c@subparagraph=\count188
\c@figure=\count189
\c@table=\count190
\abovecaptionskip=\skip47
\belowcaptionskip=\skip48
\bibindent=\dimen138
)
(C:\Users\Mohit\AppData\Local\Programs\MiKTeX\tex/latex/geometry\geometry.sty
Package: geometry 2020/01/02 v5.9 Page Geometry

(C:\Users\Mohit\AppData\Local\Programs\MiKTeX\tex/latex/graphics\keyval.sty
Package: keyval 2014/10/28 v1.15 key=value parser (DPC)
\KV@toks@=\toks16
)
(C:\Users\Mohit\AppData\Local\Programs\MiKTeX\tex/generic/iftex\ifvtex.sty
Package: ifvtex 2019/10/25 v1.7 ifvtex legacy package. Use iftex instead.

(C:\Users\Mohit\AppData\Local\Programs\MiKTeX\tex/generic/iftex\iftex.sty
Package: iftex 2020/03/06 v1.0d TeX engine tests
))
\Gm@cnth=\count191
\Gm@cntv=\count192
\c@Gm@tempcnt=\count193
\Gm@bindingoffset=\dimen139
\Gm@wd@mp=\dimen140
\Gm@odd@mp=\dimen141
\Gm@even@mp=\dimen142
\Gm@layoutwidth=\dimen143
\Gm@layoutheight=\dimen144
\Gm@layouthoffset=\dimen145
\Gm@layoutvoffset=\dimen146
\Gm@dimlist=\toks17

(C:\Users\Mohit\AppData\Local\Programs\MiKTeX\tex/latex/geometry\geometry.cfg))
(C:\Users\Mohit\AppData\Local\Programs\MiKTeX\tex/latex/graphics\graphicx.sty
Package: graphicx 2021/09/16 v1.2d Enhanced LaTeX Graphics (DPC,SPQR)

(C:\Users\Mohit\AppData\Local\Programs\MiKTeX\tex/latex/graphics\graphics.sty
Package: graphics 2021/03/04 v1.4d Standard LaTeX Graphics (DPC,SPQR)

(C:\Users\Mohit\AppData\Local\Programs\MiKTeX\tex/latex/graphics\trig.sty
Package: trig 2021/08/11 v1.11 sin cos tan (DPC)
)
(C:\Users\Mohit\AppData\Local\Programs\MiKTeX\tex/latex/graphics-cfg\graphics.c
fg
File: graphics.cfg 2016/06/04 v1.11 sample graphics configuration
)
Package graphics Info: Driver file: pdftex.def on input line 107.

(C:\Users\Mohit\AppData\Local\Programs\MiKTeX\tex/latex/graphics-def\pdftex.def
File: pdftex.def 2020/10/05 v1.2a Graphics/color driver for pdftex
))
\Gin@req@height=\dimen147
\Gin@req@width=\dimen148
) (C:\Users\Mohit\AppData\Local\Programs\MiKTeX\tex/latex/tools\verbatim.sty
Package: verbatim 2020-07-07 v1.5u LaTeX2e package for verbatim enhancements
\every@verbatim=\toks18
\verbatim@line=\toks19
\verbatim@in@stream=\read2
) (C:\Users\Mohit\AppData\Local\Programs\MiKTeX\tex/latex/base\inputenc.sty
Package: inputenc 2021/02/14 v1.3d Input encoding file
\inpenc@prehook=\toks20
\inpenc@posthook=\toks21
)
(C:\Users\Mohit\AppData\Local\Programs\MiKTeX\tex/latex/float\float.sty
Package: float 2001/11/08 v1.3d Float enhancements (AL)
\c@float@type=\count194
\float@exts=\toks22
\float@box=\box50
\@float@everytoks=\toks23
\@floatcapt=\box51
)
(C:\Users\Mohit\AppData\Local\Programs\MiKTeX\tex/latex/fancyvrb\fancyvrb.sty
Package: fancyvrb 2022/06/06 4.5 verbatim text (tvz,hv)
\FV@CodeLineNo=\count195
\FV@InFile=\read3
\FV@TabBox=\box52
\c@FancyVerbLine=\count196
\FV@StepNumber=\count197
\FV@OutFile=\write3
)
(C:\Users\Mohit\AppData\Local\Programs\MiKTeX\tex/latex/varwidth\varwidth.sty
Package: varwidth 2009/03/30 ver 0.92;  Variable-width minipages
\@vwid@box=\box53
\sift@deathcycles=\count198
\@vwid@loff=\dimen149
\@vwid@roff=\dimen150
)
(C:\Users\Mohit\AppData\Local\Programs\MiKTeX\tex/latex/amsmath\amsmath.sty
Package: amsmath 2021/10/15 v2.17l AMS math features
\@mathmargin=\skip49

For additional information on amsmath, use the `?' option.
(C:\Users\Mohit\AppData\Local\Programs\MiKTeX\tex/latex/amsmath\amstext.sty
Package: amstext 2021/08/26 v2.01 AMS text

(C:\Users\Mohit\AppData\Local\Programs\MiKTeX\tex/latex/amsmath\amsgen.sty
File: amsgen.sty 1999/11/30 v2.0 generic functions
\@emptytoks=\toks24
\ex@=\dimen151
))
(C:\Users\Mohit\AppData\Local\Programs\MiKTeX\tex/latex/amsmath\amsbsy.sty
Package: amsbsy 1999/11/29 v1.2d Bold Symbols
\pmbraise@=\dimen152
)
(C:\Users\Mohit\AppData\Local\Programs\MiKTeX\tex/latex/amsmath\amsopn.sty
Package: amsopn 2021/08/26 v2.02 operator names
)
\inf@bad=\count199
LaTeX Info: Redefining \frac on input line 234.
\uproot@=\count266
\leftroot@=\count267
LaTeX Info: Redefining \overline on input line 399.
\classnum@=\count268
\DOTSCASE@=\count269
LaTeX Info: Redefining \ldots on input line 496.
LaTeX Info: Redefining \dots on input line 499.
LaTeX Info: Redefining \cdots on input line 620.
\Mathstrutbox@=\box54
\strutbox@=\box55
\big@size=\dimen153
LaTeX Font Info:    Redeclaring font encoding OML on input line 743.
LaTeX Font Info:    Redeclaring font encoding OMS on input line 744.
\macc@depth=\count270
\c@MaxMatrixCols=\count271
\dotsspace@=\muskip16
\c@parentequation=\count272
\dspbrk@lvl=\count273
\tag@help=\toks25
\row@=\count274
\column@=\count275
\maxfields@=\count276
\andhelp@=\toks26
\eqnshift@=\dimen154
\alignsep@=\dimen155
\tagshift@=\dimen156
\tagwidth@=\dimen157
\totwidth@=\dimen158
\lineht@=\dimen159
\@envbody=\toks27
\multlinegap=\skip50
\multlinetaggap=\skip51
\mathdisplay@stack=\toks28
LaTeX Info: Redefining \[ on input line 2938.
LaTeX Info: Redefining \] on input line 2939.
)
(C:\Users\Mohit\AppData\Local\Programs\MiKTeX\tex/latex/siunitx\siunitx.sty
Package: siunitx 2022-01-05 v3.0.39 A comprehensive (SI) units package
\l__siunitx_angle_tmp_dim=\dimen160
\l__siunitx_angle_marker_box=\box56
\l__siunitx_angle_unit_box=\box57
\l__siunitx_compound_count_int=\count277

(C:\Users\Mohit\AppData\Local\Programs\MiKTeX\tex/latex/translations\translatio
ns.sty
Package: translations 2022/01/04 v1.11 internationalization of LaTeX2e packages
 (CN)

(C:\Users\Mohit\AppData\Local\Programs\MiKTeX\tex/latex/etoolbox\etoolbox.sty
Package: etoolbox 2020/10/05 v2.5k e-TeX tools for LaTeX (JAW)
\etb@tempcnta=\count278
)
(C:\Users\Mohit\AppData\Local\Programs\MiKTeX\tex/generic/pdftexcmds\pdftexcmds
.sty
Package: pdftexcmds 2020-06-27 v0.33 Utility functions of pdfTeX for LuaTeX (HO
)

(C:\Users\Mohit\AppData\Local\Programs\MiKTeX\tex/generic/infwarerr\infwarerr.s
ty
Package: infwarerr 2019/12/03 v1.5 Providing info/warning/error messages (HO)
)
(C:\Users\Mohit\AppData\Local\Programs\MiKTeX\tex/generic/ltxcmds\ltxcmds.sty
Package: ltxcmds 2020-05-10 v1.25 LaTeX kernel commands for general use (HO)
)
Package pdftexcmds Info: \pdf@primitive is available.
Package pdftexcmds Info: \pdf@ifprimitive is available.
Package pdftexcmds Info: \pdfdraftmode found.
))
\l__siunitx_number_exponent_fixed_int=\count279
\l__siunitx_number_min_decimal_int=\count280
\l__siunitx_number_min_integer_int=\count281
\l__siunitx_number_round_precision_int=\count282
\l__siunitx_number_group_minimum_int=\count283
\l__siunitx_table_tmp_box=\box58
\l__siunitx_table_tmp_dim=\dimen161
\l__siunitx_table_column_width_dim=\dimen162
\l__siunitx_table_integer_box=\box59
\l__siunitx_table_decimal_box=\box60
\l__siunitx_table_before_box=\box61
\l__siunitx_table_after_box=\box62
\l__siunitx_table_before_dim=\dimen163
\l__siunitx_table_carry_dim=\dimen164
\l__siunitx_unit_tmp_int=\count284
\l__siunitx_unit_position_int=\count285
\l__siunitx_unit_total_int=\count286

(C:\Users\Mohit\AppData\Local\Programs\MiKTeX\tex/latex/l3packages/l3keys2e\l3k
eys2e.sty
(C:\Users\Mohit\AppData\Local\Programs\MiKTeX\tex/latex/l3kernel\expl3.sty
Package: expl3 2021-11-22 L3 programming layer (loader) 

(C:\Users\Mohit\AppData\Local\Programs\MiKTeX\tex/latex/l3backend\l3backend-pdf
tex.def
File: l3backend-pdftex.def 2021-10-18 L3 backend support: PDF output (pdfTeX)
\l__color_backend_stack_int=\count287
\l__pdf_internal_box=\box63
))
Package: l3keys2e 2021-11-12 LaTeX2e option processing using LaTeX3 keys
)
(C:\Users\Mohit\AppData\Local\Programs\MiKTeX\tex/latex/tools\array.sty
Package: array 2021/10/04 v2.5f Tabular extension package (FMi)
\col@sep=\dimen165
\ar@mcellbox=\box64
\extrarowheight=\dimen166
\NC@list=\toks29
\extratabsurround=\skip52
\backup@length=\skip53
\ar@cellbox=\box65
))
(C:\Users\Mohit\AppData\Local\Programs\MiKTeX\tex/latex/chngcntr\chngcntr.sty
Package: chngcntr 2018/04/09 v1.1a change counter resetting
Package chngcntr Info: \counterwithout already defined.
(chngcntr)             Quitting chngcntr on input line 21.
)
(C:\Users\Mohit\AppData\Local\Programs\MiKTeX\tex/latex/subfig\subfig.sty
Package: subfig 2005/06/28 ver: 1.3 subfig package

(C:\Users\Mohit\AppData\Local\Programs\MiKTeX\tex/latex/caption\caption.sty
Package: caption 2023/03/12 v3.6j Customizing captions (AR)

(C:\Users\Mohit\AppData\Local\Programs\MiKTeX\tex/latex/caption\caption3.sty
Package: caption3 2023/03/12 v2.4 caption3 kernel (AR)
\caption@tempdima=\dimen167
\captionmargin=\dimen168
\caption@leftmargin=\dimen169
\caption@rightmargin=\dimen170
\caption@width=\dimen171
\caption@indent=\dimen172
\caption@parindent=\dimen173
\caption@hangindent=\dimen174
Package caption Info: Standard document class detected.
)
\c@caption@flags=\count288
\c@continuedfloat=\count289
Package caption Info: float package is loaded.
)
\c@KVtest=\count290
\sf@farskip=\skip54
\sf@captopadj=\dimen175
\sf@capskip=\skip55
\sf@nearskip=\skip56
\c@subfigure=\count291
\c@subfigure@save=\count292
\c@lofdepth=\count293
\c@subtable=\count294
\c@subtable@save=\count295
\c@lotdepth=\count296
\sf@top=\skip57
\sf@bottom=\skip58
)
(C:\Users\Mohit\AppData\Local\Programs\MiKTeX\tex/generic/alphalph\alphalph.sty
Package: alphalph 2019/12/09 v2.6 Convert numbers to letters (HO)
(C:\Users\Mohit\AppData\Local\Programs\MiKTeX\tex/generic/intcalc\intcalc.sty
Package: intcalc 2019/12/15 v1.3 Expandable calculations with integers (HO)
)) (C:\Users\Mohit\AppData\Local\Programs\MiKTeX\tex/latex/tools\enumerate.sty
Package: enumerate 2015/07/23 v3.00 enumerate extensions (DPC)
\@enLab=\toks30
)
(C:\Users\Mohit\AppData\Local\Programs\MiKTeX\tex/latex/pgf/utilities\pgffor.st
y
(C:\Users\Mohit\AppData\Local\Programs\MiKTeX\tex/latex/pgf/utilities\pgfrcs.st
y
(C:\Users\Mohit\AppData\Local\Programs\MiKTeX\tex/generic/pgf/utilities\pgfutil
-common.tex
\pgfutil@everybye=\toks31
\pgfutil@tempdima=\dimen176
\pgfutil@tempdimb=\dimen177

(C:\Users\Mohit\AppData\Local\Programs\MiKTeX\tex/generic/pgf/utilities\pgfutil
-common-lists.tex))
(C:\Users\Mohit\AppData\Local\Programs\MiKTeX\tex/generic/pgf/utilities\pgfutil
-latex.def
\pgfutil@abb=\box66
)
(C:\Users\Mohit\AppData\Local\Programs\MiKTeX\tex/generic/pgf/utilities\pgfrcs.
code.tex
(C:\Users\Mohit\AppData\Local\Programs\MiKTeX\tex/generic/pgf\pgf.revision.tex)
Package: pgfrcs 2021/05/15 v3.1.9a (3.1.9a)
))
(C:\Users\Mohit\AppData\Local\Programs\MiKTeX\tex/latex/pgf/utilities\pgfkeys.s
ty
(C:\Users\Mohit\AppData\Local\Programs\MiKTeX\tex/generic/pgf/utilities\pgfkeys
.code.tex
\pgfkeys@pathtoks=\toks32
\pgfkeys@temptoks=\toks33

(C:\Users\Mohit\AppData\Local\Programs\MiKTeX\tex/generic/pgf/utilities\pgfkeys
filtered.code.tex
\pgfkeys@tmptoks=\toks34
)))
(C:\Users\Mohit\AppData\Local\Programs\MiKTeX\tex/latex/pgf/math\pgfmath.sty
(C:\Users\Mohit\AppData\Local\Programs\MiKTeX\tex/generic/pgf/math\pgfmath.code
.tex
(C:\Users\Mohit\AppData\Local\Programs\MiKTeX\tex/generic/pgf/math\pgfmathcalc.
code.tex
(C:\Users\Mohit\AppData\Local\Programs\MiKTeX\tex/generic/pgf/math\pgfmathutil.
code.tex
\pgf@x=\dimen178
\pgf@xa=\dimen179
\pgf@xb=\dimen180
\pgf@xc=\dimen181
\pgf@y=\dimen182
\pgf@ya=\dimen183
\pgf@yb=\dimen184
\pgf@yc=\dimen185
\c@pgf@counta=\count297
\c@pgf@countb=\count298
\c@pgf@countc=\count299
\c@pgf@countd=\count300
)
(C:\Users\Mohit\AppData\Local\Programs\MiKTeX\tex/generic/pgf/math\pgfmathparse
r.code.tex
\pgfmath@dimen=\dimen186
\pgfmath@count=\count301
\pgfmath@box=\box67
\pgfmath@toks=\toks35
\pgfmath@stack@operand=\toks36
\pgfmath@stack@operation=\toks37
)
(C:\Users\Mohit\AppData\Local\Programs\MiKTeX\tex/generic/pgf/math\pgfmathfunct
ions.code.tex
(C:\Users\Mohit\AppData\Local\Programs\MiKTeX\tex/generic/pgf/math\pgfmathfunct
ions.basic.code.tex)
(C:\Users\Mohit\AppData\Local\Programs\MiKTeX\tex/generic/pgf/math\pgfmathfunct
ions.trigonometric.code.tex)
(C:\Users\Mohit\AppData\Local\Programs\MiKTeX\tex/generic/pgf/math\pgfmathfunct
ions.random.code.tex)
(C:\Users\Mohit\AppData\Local\Programs\MiKTeX\tex/generic/pgf/math\pgfmathfunct
ions.comparison.code.tex)
(C:\Users\Mohit\AppData\Local\Programs\MiKTeX\tex/generic/pgf/math\pgfmathfunct
ions.base.code.tex)
(C:\Users\Mohit\AppData\Local\Programs\MiKTeX\tex/generic/pgf/math\pgfmathfunct
ions.round.code.tex)
(C:\Users\Mohit\AppData\Local\Programs\MiKTeX\tex/generic/pgf/math\pgfmathfunct
ions.misc.code.tex)
(C:\Users\Mohit\AppData\Local\Programs\MiKTeX\tex/generic/pgf/math\pgfmathfunct
ions.integerarithmetics.code.tex)))
(C:\Users\Mohit\AppData\Local\Programs\MiKTeX\tex/generic/pgf/math\pgfmathfloat
.code.tex
\c@pgfmathroundto@lastzeros=\count302
)))
(C:\Users\Mohit\AppData\Local\Programs\MiKTeX\tex/generic/pgf/utilities\pgffor.
code.tex
Package: pgffor 2021/05/15 v3.1.9a (3.1.9a)

(C:\Users\Mohit\AppData\Local\Programs\MiKTeX\tex/generic/pgf/math\pgfmath.code
.tex)
\pgffor@iter=\dimen187
\pgffor@skip=\dimen188
\pgffor@stack=\toks38
\pgffor@toks=\toks39
))
Package translations Info: No language package found. I am going to use `englis
h' as default language. on input line 22.
 (Report_Midsem.aux

LaTeX Warning: Label `fig:example' multiply defined.


LaTeX Warning: Label `fig:example' multiply defined.


LaTeX Warning: Label `fig:example' multiply defined.


LaTeX Warning: Label `fig:example' multiply defined.


LaTeX Warning: Label `fig:example' multiply defined.


LaTeX Warning: Label `fig:example' multiply defined.


LaTeX Warning: Label `fig:example' multiply defined.


LaTeX Warning: Label `fig:example' multiply defined.


LaTeX Warning: Label `fig:example' multiply defined.


LaTeX Warning: Label `fig:example' multiply defined.


LaTeX Warning: Label `fig:example' multiply defined.


LaTeX Warning: Label `fig:example' multiply defined.

)
\openout1 = `Report_Midsem.aux'.

LaTeX Font Info:    Checking defaults for OML/cmm/m/it on input line 22.
LaTeX Font Info:    ... okay on input line 22.
LaTeX Font Info:    Checking defaults for OMS/cmsy/m/n on input line 22.
LaTeX Font Info:    ... okay on input line 22.
LaTeX Font Info:    Checking defaults for OT1/cmr/m/n on input line 22.
LaTeX Font Info:    ... okay on input line 22.
LaTeX Font Info:    Checking defaults for T1/cmr/m/n on input line 22.
LaTeX Font Info:    ... okay on input line 22.
LaTeX Font Info:    Checking defaults for TS1/cmr/m/n on input line 22.
LaTeX Font Info:    ... okay on input line 22.
LaTeX Font Info:    Checking defaults for OMX/cmex/m/n on input line 22.
LaTeX Font Info:    ... okay on input line 22.
LaTeX Font Info:    Checking defaults for U/cmr/m/n on input line 22.
LaTeX Font Info:    ... okay on input line 22.

*geometry* driver: auto-detecting
*geometry* detected driver: pdftex
*geometry* verbose mode - [ preamble ] result:
* driver: pdftex
* paper: a4paper
* layout: <same size as paper>
* layoutoffset:(h,v)=(0.0pt,0.0pt)
* modes: 
* h-part:(L,W,R)=(72.26999pt, 452.9679pt, 72.26999pt)
* v-part:(T,H,B)=(72.26999pt, 743.86931pt, 28.90755pt)
* \paperwidth=597.50787pt
* \paperheight=845.04684pt
* \textwidth=452.9679pt
* \textheight=743.86931pt
* \oddsidemargin=0.0pt
* \evensidemargin=0.0pt
* \topmargin=-37.0pt
* \headheight=12.0pt
* \headsep=25.0pt
* \topskip=10.0pt
* \footskip=30.0pt
* \marginparwidth=65.0pt
* \marginparsep=11.0pt
* \columnsep=10.0pt
* \skip\footins=9.0pt plus 4.0pt minus 2.0pt
* \hoffset=0.0pt
* \voffset=0.0pt
* \mag=1000
* \@twocolumnfalse
* \@twosidefalse
* \@mparswitchfalse
* \@reversemarginfalse
* (1in=72.27pt=25.4mm, 1cm=28.453pt)


(C:\Users\Mohit\AppData\Local\Programs\MiKTeX\tex/context/base/mkii\supp-pdf.mk
ii
[Loading MPS to PDF converter (version 2006.09.02).]
\scratchcounter=\count303
\scratchdimen=\dimen189
\scratchbox=\box68
\nofMPsegments=\count304
\nofMParguments=\count305
\everyMPshowfont=\toks40
\MPscratchCnt=\count306
\MPscratchDim=\dimen190
\MPnumerator=\count307
\makeMPintoPDFobject=\count308
\everyMPtoPDFconversion=\toks41
)
(C:\Users\Mohit\AppData\Local\Programs\MiKTeX\tex/latex/epstopdf-pkg\epstopdf-b
ase.sty
Package: epstopdf-base 2020-01-24 v2.11 Base part for package epstopdf
Package epstopdf-base Info: Redefining graphics rule for `.eps' on input line 4
85.

(C:\Users\Mohit\AppData\Local\Programs\MiKTeX\tex/latex/00miktex\epstopdf-sys.c
fg
File: epstopdf-sys.cfg 2021/03/18 v2.0 Configuration of epstopdf for MiKTeX
)) (C:\Users\Mohit\AppData\Local\Programs\MiKTeX\tex/latex/graphics\color.sty
Package: color 2021/10/11 v1.3b Standard LaTeX Color (DPC)
(C:\Users\Mohit\AppData\Local\Programs\MiKTeX\tex/latex/graphics-cfg\color.cfg
File: color.cfg 2016/01/02 v1.6 sample color configuration
)
Package color Info: Driver file: pdftex.def on input line 149.
)
(C:\Users\Mohit\AppData\Local\Programs\MiKTeX\tex/latex/translations/dicts\tran
slations-basic-dictionary-english.trsl
File: translations-basic-dictionary-english.trsl (english translation file `tra
nslations-basic-dictionary')
)
Package translations Info: loading dictionary `translations-basic-dictionary' f
or `english'. on input line 22.
Package caption Info: Begin \AtBeginDocument code.
Package caption Info: subfig package v1.3 is loaded.
Package caption Info: End \AtBeginDocument code.
<LOGO.jpeg, id=1, 1204.5pt x 1180.41pt>
File: LOGO.jpeg Graphic file (type jpg)
<use LOGO.jpeg>
Package pdftex.def Info: LOGO.jpeg  used on input line 28.
(pdftex.def)             Requested size: 240.89574pt x 236.07782pt.
 [1

{C:/Users/Mohit/AppData/Local/MiKTeX/fonts/map/pdftex/pdftex.map} <./LOGO.jpeg>
]
<2.png, id=10, 850.17625pt x 334.24875pt>
File: 2.png Graphic file (type png)
<use 2.png>
Package pdftex.def Info: 2.png  used on input line 53.
(pdftex.def)             Requested size: 425.08708pt x 167.12396pt.
<2f.png, id=12, 837.1275pt x 334.24875pt>
File: 2f.png Graphic file (type png)
<use 2f.png>
Package pdftex.def Info: 2f.png  used on input line 59.
(pdftex.def)             Requested size: 418.56273pt x 167.12396pt.
<10.png, id=13, 850.17625pt x 334.24875pt>
File: 10.png Graphic file (type png)
<use 10.png>
Package pdftex.def Info: 10.png  used on input line 65.
(pdftex.def)             Requested size: 425.08708pt x 167.12396pt.
 [2 <./2.png> <./2f.png>]
<10f.png, id=19, 841.1425pt x 334.24875pt>
File: 10f.png Graphic file (type png)
<use 10f.png>
Package pdftex.def Info: 10f.png  used on input line 71.
(pdftex.def)             Requested size: 420.57022pt x 167.12396pt.
<22.png, id=20, 850.17625pt x 334.24875pt>
File: 22.png Graphic file (type png)
<use 22.png>
Package pdftex.def Info: 22.png  used on input line 77.
(pdftex.def)             Requested size: 425.08708pt x 167.12396pt.
<22f.png, id=21, 841.1425pt x 334.24875pt>
File: 22f.png Graphic file (type png)
<use 22f.png>
Package pdftex.def Info: 22f.png  used on input line 83.
(pdftex.def)             Requested size: 420.57022pt x 167.12396pt.
 [3 <./10.png> <./10f.png> <./22.png>]
<40.png, id=28, 856.19875pt x 334.24875pt>
File: 40.png Graphic file (type png)
<use 40.png>
Package pdftex.def Info: 40.png  used on input line 89.
(pdftex.def)             Requested size: 428.09833pt x 167.12396pt.
<40f.png, id=29, 841.1425pt x 334.24875pt>
File: 40f.png Graphic file (type png)
<use 40f.png>
Package pdftex.def Info: 40f.png  used on input line 95.
(pdftex.def)             Requested size: 420.57022pt x 167.12396pt.
<64.png, id=30, 856.19875pt x 334.24875pt>
File: 64.png Graphic file (type png)
<use 64.png>
Package pdftex.def Info: 64.png  used on input line 101.
(pdftex.def)             Requested size: 428.09833pt x 167.12396pt.
 [4 <./22f.png> <./40.png> <./40f.png>]
<64f.png, id=37, 841.1425pt x 334.24875pt>
File: 64f.png Graphic file (type png)
<use 64f.png>
Package pdftex.def Info: 64f.png  used on input line 107.
(pdftex.def)             Requested size: 420.57022pt x 167.12396pt.
<76.png, id=38, 856.19875pt x 334.24875pt>
File: 76.png Graphic file (type png)
<use 76.png>
Package pdftex.def Info: 76.png  used on input line 113.
(pdftex.def)             Requested size: 428.09833pt x 167.12396pt.
<76f.png, id=39, 841.1425pt x 334.24875pt>
File: 76f.png Graphic file (type png)
<use 76f.png>
Package pdftex.def Info: 76f.png  used on input line 119.
(pdftex.def)             Requested size: 420.57022pt x 167.12396pt.
 [5 <./64.png> <./64f.png> <./76.png>]
<1th.png, id=46, 442.65375pt x 279.0425pt>
File: 1th.png Graphic file (type png)
<use 1th.png>
Package pdftex.def Info: 1th.png  used on input line 139.
(pdftex.def)             Requested size: 354.12346pt x 223.2343pt.
 [6 <./76f.png>]
<2nd.png, id=51, 442.65375pt x 279.0425pt>
File: 2nd.png Graphic file (type png)
<use 2nd.png>
Package pdftex.def Info: 2nd.png  used on input line 145.
(pdftex.def)             Requested size: 354.12346pt x 223.2343pt.
<1th_f.png, id=52, 446.66875pt x 279.0425pt>
File: 1th_f.png Graphic file (type png)
<use 1th_f.png>
Package pdftex.def Info: 1th_f.png  used on input line 151.
(pdftex.def)             Requested size: 357.33548pt x 223.2343pt.
<2nd_f.png, id=53, 441.65pt x 279.0425pt>
File: 2nd_f.png Graphic file (type png)
<use 2nd_f.png>
Package pdftex.def Info: 2nd_f.png  used on input line 157.
(pdftex.def)             Requested size: 353.32047pt x 223.2343pt.
 [7 <./1th.png> <./2nd.png> <./1th_f.png>]
<product2.png, id=61, 515.9275pt x 279.0425pt>
File: product2.png Graphic file (type png)
<use product2.png>
Package pdftex.def Info: product2.png  used on input line 163.
(pdftex.def)             Requested size: 412.74255pt x 223.2343pt.
 [8 <./2nd_f.png> <./product2.png>]
<3rd.png, id=68, 442.65375pt x 279.0425pt>
File: 3rd.png Graphic file (type png)
<use 3rd.png>
Package pdftex.def Info: 3rd.png  used on input line 195.
(pdftex.def)             Requested size: 199.16928pt x 125.55518pt.
<4th.png, id=69, 442.65375pt x 279.0425pt>
File: 4th.png Graphic file (type png)
<use 4th.png>
Package pdftex.def Info: 4th.png  used on input line 197.
(pdftex.def)             Requested size: 199.16928pt x 125.55518pt.
<5th.png, id=70, 451.6875pt x 279.0425pt>
File: 5th.png Graphic file (type png)
<use 5th.png>
Package pdftex.def Info: 5th.png  used on input line 203.
(pdftex.def)             Requested size: 199.16928pt x 123.04306pt.
<6th.png, id=71, 449.68pt x 279.0425pt>
File: 6th.png Graphic file (type png)
<use 6th.png>
Package pdftex.def Info: 6th.png  used on input line 205.
(pdftex.def)             Requested size: 199.16928pt x 123.59232pt.
<7th.png, id=72, 463.7325pt x 279.0425pt>
File: 7th.png Graphic file (type png)
<use 7th.png>
Package pdftex.def Info: 7th.png  used on input line 211.
(pdftex.def)             Requested size: 199.16928pt x 119.84967pt.
<8th.png, id=73, 455.7025pt x 279.0425pt>
File: 8th.png Graphic file (type png)
<use 8th.png>
Package pdftex.def Info: 8th.png  used on input line 213.
(pdftex.def)             Requested size: 199.16928pt x 121.96156pt.
<9th.png, id=74, 442.65375pt x 279.0425pt>
File: 9th.png Graphic file (type png)
<use 9th.png>
Package pdftex.def Info: 9th.png  used on input line 219.
(pdftex.def)             Requested size: 199.16928pt x 125.55518pt.
<10th.png, id=75, 450.68375pt x 279.0425pt>
File: 10th.png Graphic file (type png)
<use 10th.png>
Package pdftex.def Info: 10th.png  used on input line 221.
(pdftex.def)             Requested size: 199.16928pt x 123.31555pt.
 [9 <./3rd.png> <./4th.png> <./5th.png> <./6th.png> <./7th.png> <./8th.png>]
<time4.png, id=86, 425.59pt x 279.0425pt>
File: time4.png Graphic file (type png)
<use time4.png>
Package pdftex.def Info: time4.png  used on input line 238.
(pdftex.def)             Requested size: 199.16928pt x 130.58795pt.
<time16.png, id=87, 428.60126pt x 279.0425pt>
File: time16.png Graphic file (type png)
<use time16.png>
Package pdftex.def Info: time16.png  used on input line 240.
(pdftex.def)             Requested size: 199.16928pt x 129.66826pt.
<time32.png, id=88, 428.60126pt x 279.0425pt>
File: time32.png Graphic file (type png)
<use time32.png>
Package pdftex.def Info: time32.png  used on input line 246.
(pdftex.def)             Requested size: 199.16928pt x 129.66826pt.
<time48.png, id=89, 418.56375pt x 279.0425pt>
File: time48.png Graphic file (type png)
<use time48.png>
Package pdftex.def Info: time48.png  used on input line 248.
(pdftex.def)             Requested size: 199.16928pt x 132.77647pt.
<time64.png, id=90, 428.60126pt x 279.0425pt>
File: time64.png Graphic file (type png)
<use time64.png>
Package pdftex.def Info: time64.png  used on input line 254.
(pdftex.def)             Requested size: 199.16928pt x 129.66826pt.
<time76.png, id=91, 418.56375pt x 279.0425pt>
File: time76.png Graphic file (type png)
<use time76.png>
Package pdftex.def Info: time76.png  used on input line 256.
(pdftex.def)             Requested size: 199.16928pt x 132.77647pt.
 [10 <./9th.png> <./10th.png> <./time4.png> <./time16.png> <./time32.png> <./ti
me48.png>]
<3rd_f.png, id=102, 446.66875pt x 279.0425pt>
File: 3rd_f.png Graphic file (type png)
<use 3rd_f.png>
Package pdftex.def Info: 3rd_f.png  used on input line 271.
(pdftex.def)             Requested size: 199.16928pt x 124.42685pt.
<4th_f.png, id=103, 439.6425pt x 279.0425pt>
File: 4th_f.png Graphic file (type png)
<use 4th_f.png>
Package pdftex.def Info: 4th_f.png  used on input line 273.
(pdftex.def)             Requested size: 199.16928pt x 126.41101pt.
<7th_f.png, id=104, 446.66875pt x 279.0425pt>
File: 7th_f.png Graphic file (type png)
<use 7th_f.png>
Package pdftex.def Info: 7th_f.png  used on input line 279.
(pdftex.def)             Requested size: 199.16928pt x 124.42685pt.
<8th_f.png, id=105, 439.6425pt x 279.0425pt>
File: 8th_f.png Graphic file (type png)
<use 8th_f.png>
Package pdftex.def Info: 8th_f.png  used on input line 281.
(pdftex.def)             Requested size: 199.16928pt x 126.41101pt.
<9th_f.png, id=106, 446.66875pt x 279.0425pt>
File: 9th_f.png Graphic file (type png)
<use 9th_f.png>
Package pdftex.def Info: 9th_f.png  used on input line 287.
(pdftex.def)             Requested size: 199.16928pt x 124.42685pt.
<10th_f.png, id=107, 446.66875pt x 279.0425pt>
File: 10th_f.png Graphic file (type png)
<use 10th_f.png>
Package pdftex.def Info: 10th_f.png  used on input line 289.
(pdftex.def)             Requested size: 199.16928pt x 124.42685pt.
 [11 <./time64.png> <./time76.png> <./3rd_f.png> <./4th_f.png> <./7th_f.png> <.
/8th_f.png> <./9th_f.png> <./10th_f.png>]
<freq4.png, id=119, 440.64626pt x 279.0425pt>
File: freq4.png Graphic file (type png)
<use freq4.png>
Package pdftex.def Info: freq4.png  used on input line 303.
(pdftex.def)             Requested size: 199.16928pt x 126.12573pt.
<freq16.png, id=120, 448.67625pt x 279.0425pt>
File: freq16.png Graphic file (type png)
<use freq16.png>
Package pdftex.def Info: freq16.png  used on input line 305.
(pdftex.def)             Requested size: 199.16928pt x 123.86482pt.
<freq32.png, id=121, 448.67625pt x 279.0425pt>
File: freq32.png Graphic file (type png)
<use freq32.png>
Package pdftex.def Info: freq32.png  used on input line 311.
(pdftex.def)             Requested size: 199.16928pt x 123.86482pt.
<freq48.png, id=122, 448.67625pt x 279.0425pt>
File: freq48.png Graphic file (type png)
<use freq48.png>
Package pdftex.def Info: freq48.png  used on input line 313.
(pdftex.def)             Requested size: 199.16928pt x 123.86482pt.
<freq64.png, id=123, 448.67625pt x 279.0425pt>
File: freq64.png Graphic file (type png)
<use freq64.png>
Package pdftex.def Info: freq64.png  used on input line 319.
(pdftex.def)             Requested size: 199.16928pt x 123.86482pt.
<freq76.png, id=124, 448.67625pt x 279.0425pt>
File: freq76.png Graphic file (type png)
<use freq76.png>
Package pdftex.def Info: freq76.png  used on input line 321.
(pdftex.def)             Requested size: 199.16928pt x 123.86482pt.
<prod3.png, id=125, 659.46375pt x 334.24875pt>
File: prod3.png Graphic file (type png)
<use prod3.png>
Package pdftex.def Info: prod3.png  used on input line 335.
(pdftex.def)             Requested size: 395.68129pt x 200.55078pt.
 [12 <./freq4.png> <./freq16.png> <./freq32.png> <./freq48.png> <./freq64.png> 
<./freq76.png>]
<prod4.png, id=135, 644.4075pt x 334.24875pt>
File: prod4.png Graphic file (type png)
<use prod4.png>
Package pdftex.def Info: prod4.png  used on input line 341.
(pdftex.def)             Requested size: 386.64748pt x 200.55078pt.
<prod8.png, id=136, 640.3925pt x 334.24875pt>
File: prod8.png Graphic file (type png)
<use prod8.png>
Package pdftex.def Info: prod8.png  used on input line 347.
(pdftex.def)             Requested size: 384.23846pt x 200.55078pt.
<prod10.png, id=137, 656.4525pt x 334.24875pt>
File: prod10.png Graphic file (type png)
<use prod10.png>
Package pdftex.def Info: prod10.png  used on input line 353.
(pdftex.def)             Requested size: 393.87454pt x 200.55078pt.
 [13 <./prod3.png> <./prod4.png> <./prod8.png>] [14 <./prod10.png>] (Report_Mid
sem.aux)

LaTeX Warning: There were multiply-defined labels.

 ) 
Here is how much of TeX's memory you used:
 14384 strings out of 478659
 311891 string characters out of 2845920
 551432 words of memory out of 3000000
 32277 multiletter control sequences out of 15000+600000
 409148 words of font info for 47 fonts, out of 8000000 for 9000
 1141 hyphenation exceptions out of 8191
 71i,10n,79p,598b,512s stack positions out of 5000i,500n,10000p,200000b,80000s
{C:/Users/Mohit/AppData/Local/Programs/MiKTeX/fonts/enc/dvips/cm-super/cm-sup
er-ts1.enc}<C:/Users/Mohit/AppData/Local/Programs/MiKTeX/fonts/type1/public/ams
fonts/cm/cmbx10.pfb><C:/Users/Mohit/AppData/Local/Programs/MiKTeX/fonts/type1/p
ublic/amsfonts/cm/cmbx12.pfb><C:/Users/Mohit/AppData/Local/Programs/MiKTeX/font
s/type1/public/amsfonts/cm/cmr10.pfb><C:/Users/Mohit/AppData/Local/Programs/MiK
TeX/fonts/type1/public/amsfonts/cm/cmr12.pfb><C:/Users/Mohit/AppData/Local/Prog
rams/MiKTeX/fonts/type1/public/amsfonts/cm/cmr17.pfb><C:/Users/Mohit/AppData/Lo
cal/Programs/MiKTeX/fonts/type1/public/amsfonts/cm/cmr8.pfb><C:/Users/Mohit/App
Data/Local/Programs/MiKTeX/fonts/type1/public/cm-super/sfrm1000.pfb>
Output written on Report_Midsem.pdf (14 pages, 1143102 bytes).
PDF statistics:
 180 PDF objects out of 1000 (max. 8388607)
 0 named destinations out of 1000 (max. 500000)
 241 words of extra memory for PDF output out of 10000 (max. 10000000)

